<?xml version="1.0" encoding="UTF-8"?>
<!-- Generated by org.testng.reporters.JUnitXMLReporter -->
<testsuite ignored="0" hostname="DESKTOP-FI8UJG3" failures="0" tests="1" name="Demo" time="0.403" errors="0" timestamp="2022-10-01T18:12:06 IST">
  <testcase classname="com.lambdatest.BaseTest" name="@BeforeMethod setup" time="0.082">
    <failure type="java.lang.IllegalArgumentException" message="Input must be set">
      <![CDATA[java.lang.IllegalArgumentException: Input must be set
at org.openqa.selenium.internal.Require.nonNull(Require.java:59)
at org.openqa.selenium.support.ui.FluentWait.<init>(FluentWait.java:97)
at org.openqa.selenium.support.ui.WebDriverWait.<init>(WebDriverWait.java:77)
at org.openqa.selenium.support.ui.WebDriverWait.<init>(WebDriverWait.java:46)
at com.lambdatest.BaseTest.setup(BaseTest.java:37)
at java.base/java.util.ArrayList.forEach(ArrayList.java:1540)
... Removed 31 stack frames]]>
    </failure>
  </testcase> <!-- @BeforeMethod setup -->
  <testcase classname="com.lambdatest.BaseTest" name="@AfterMethod tearDown" time="-1.664628126357E9">
    <skipped/>
  </testcase> <!-- @AfterMethod tearDown -->
  <testcase classname="com.lambdatest.LambdaTest_5" name="HandlingSliderBar" time="0.0">
    <skipped/>
  </testcase> <!-- HandlingSliderBar -->
</testsuite> <!-- Demo -->
