<?xml version="1.0" encoding="UTF-8"?>
<!-- Generated by org.testng.reporters.JUnitXMLReporter -->
<testsuite ignored="0" hostname="DESKTOP-FI8UJG3" failures="1" tests="1" name="Test" time="46.545" errors="0" timestamp="2022-09-29T23:11:58 IST">
  <testcase classname="com.lambdatest.LambdaTest_2" name="HandlingSliderBar" time="33.339">
    <failure type="java.lang.AssertionError" message="The following asserts failed:
	expected [95] but found [94]">
      <![CDATA[java.lang.AssertionError: The following asserts failed:
expected [95] but found [94]
at com.lambdatest.LambdaTest_2.HandlingSliderBar(LambdaTest_2.java:113)
at java.base/java.util.ArrayList.forEach(ArrayList.java:1540)
... Removed 32 stack frames]]>
    </failure>
  </testcase> <!-- HandlingSliderBar -->
</testsuite> <!-- Test -->
